<?xml version="1.0" encoding="UTF-8"?>
<!-- Generated by org.testng.reporters.JUnitReportReporter -->
<testsuite skipped="0" hostname="LAPTOP-SV9TVNET" name="ExtentReportWithScreenShot.Screenshot.ExtentReportDemo" tests="2" failures="0" timestamp="2021-10-05T12:24:57 IST" time="12.266" errors="0">
  <testcase name="mytest1" time="3.614" classname="ExtentReportWithScreenShot.Screenshot.ExtentReportDemo"/>
  <system-out/>
  <testcase name="mytest" time="8.652" classname="ExtentReportWithScreenShot.Screenshot.ExtentReportDemo"/>
  <system-out/>
</testsuite> <!-- ExtentReportWithScreenShot.Screenshot.ExtentReportDemo -->
