<?xml version="1.0" encoding="UTF-8"?>
<!-- Generated by org.testng.reporters.JUnitReportReporter -->
<testsuite skipped="0" hostname="LAPTOP-SV9TVNET" name="ExtentReportWithScreenShot.Screenshot.Test1" tests="3" failures="0" timestamp="2021-07-09T08:49:04 IST" time="15.424" errors="0">
  <testcase name="mytest1" time="3.515" classname="ExtentReportWithScreenShot.Screenshot.Test1"/>
  <system-out/>
  <testcase name="mytest" time="6.544" classname="ExtentReportWithScreenShot.Screenshot.Test1"/>
  <system-out/>
  <testcase name="logintest" time="5.365" classname="ExtentReportWithScreenShot.Screenshot.Test1"/>
  <system-out/>
</testsuite> <!-- ExtentReportWithScreenShot.Screenshot.Test1 -->
