<?xml version="1.0" encoding="UTF-8"?>
<!-- Generated by org.testng.reporters.JUnitReportReporter -->
<testsuite skipped="0" hostname="LAPTOP-SV9TVNET" name="ExtentReportWithScreenShot.Screenshot.ExtentReportDemo" tests="2" failures="0" timestamp="2021-09-29T20:47:30 IST" time="10.074" errors="0">
  <testcase name="mytest" time="7.035" classname="ExtentReportWithScreenShot.Screenshot.ExtentReportDemo"/>
  <system-out/>
  <testcase name="mytest1" time="3.039" classname="ExtentReportWithScreenShot.Screenshot.ExtentReportDemo"/>
  <system-out/>
</testsuite> <!-- ExtentReportWithScreenShot.Screenshot.ExtentReportDemo -->
